<?xml version="1.0" encoding="UTF-8"?>
<!-- Generated by org.testng.reporters.JUnitReportReporter -->
<testsuite skipped="0" hostname="MSI" name="com.testNGFeatures.GroupingConcept" tests="6" failures="0" timestamp="2022-02-18T21:27:51 IST" time="0.014" errors="0">
  <testcase name="frock" time="0.007" classname="com.testNGFeatures.GroupingConcept"/>
  <system-out/>
  <testcase name="saree" time="0.002" classname="com.testNGFeatures.GroupingConcept"/>
  <system-out/>
  <testcase name="jeans" time="0.002" classname="com.testNGFeatures.GroupingConcept"/>
  <system-out/>
  <testcase name="salwar" time="0.001" classname="com.testNGFeatures.GroupingConcept"/>
  <system-out/>
  <testcase name="kaajal" time="0.001" classname="com.testNGFeatures.GroupingConcept"/>
  <system-out/>
  <testcase name="lipstick" time="0.001" classname="com.testNGFeatures.GroupingConcept"/>
  <system-out/>
</testsuite> <!-- com.testNGFeatures.GroupingConcept -->
