<?xml version="1.0" encoding="UTF-8"?>
<!-- Generated by org.testng.reporters.JUnitReportReporter -->
<testsuite skipped="0" hostname="MSI" name="com.testNGFeatures.Hard_Assert_Concept" tests="1" failures="0" timestamp="2022-02-23T21:22:53 IST" time="6.761" errors="0">
  <testcase name="openAdactin" time="6.761" classname="com.testNGFeatures.Hard_Assert_Concept"/>
  <system-out/>
</testsuite> <!-- com.testNGFeatures.Hard_Assert_Concept -->
