<?xml version="1.0" encoding="UTF-8"?>
<!-- Generated by org.testng.reporters.JUnitReportReporter -->
<testsuite skipped="0" hostname="MSI" name="com.testNGFeatures.DataProvider_Concept" tests="5" failures="0" timestamp="2022-02-22T20:04:02 IST" time="0.009" errors="0">
  <testcase name="getCityCode" time="0.001" classname="com.testNGFeatures.DataProvider_Concept"/>
  <system-out/>
  <testcase name="getCityCode" time="0.006" classname="com.testNGFeatures.DataProvider_Concept"/>
  <system-out/>
  <testcase name="getCityCode" time="0.001" classname="com.testNGFeatures.DataProvider_Concept"/>
  <system-out/>
  <testcase name="getCityCode" time="0.001" classname="com.testNGFeatures.DataProvider_Concept"/>
  <system-out/>
  <testcase name="getCityCode" time="0.000" classname="com.testNGFeatures.DataProvider_Concept"/>
  <system-out/>
</testsuite> <!-- com.testNGFeatures.DataProvider_Concept -->
