<?xml version="1.0" encoding="UTF-8"?>
<!-- Generated by org.testng.reporters.JUnitReportReporter -->
<testsuite skipped="0" hostname="MSI" name="com.testNGFeatures.IAnnotationTransformer_Concept" tests="2" failures="0" timestamp="2022-02-26T11:36:59 IST" time="9.011" errors="0">
  <testcase name="openFacebook" time="2.659" classname="com.testNGFeatures.IAnnotationTransformer_Concept"/>
  <system-out/>
  <testcase name="openAdactin" time="6.352" classname="com.testNGFeatures.IAnnotationTransformer_Concept"/>
  <system-out/>
</testsuite> <!-- com.testNGFeatures.IAnnotationTransformer_Concept -->
