<?xml version="1.0" encoding="UTF-8"?>
<!-- Generated by org.testng.reporters.JUnitReportReporter -->
<testsuite skipped="0" hostname="MSI" name="com.testNGFeatures.ParameterixedTest_Concept" tests="3" failures="0" timestamp="2022-02-21T21:24:10 IST" time="0.013" errors="0">
  <testcase name="product" time="0.001" classname="com.testNGFeatures.ParameterixedTest_Concept"/>
  <system-out/>
  <testcase name="dataEntry" time="0.002" classname="com.testNGFeatures.ParameterixedTest_Concept"/>
  <system-out/>
  <testcase name="add" time="0.010" classname="com.testNGFeatures.ParameterixedTest_Concept"/>
  <system-out/>
</testsuite> <!-- com.testNGFeatures.ParameterixedTest_Concept -->
