<?xml version="1.0" encoding="UTF-8"?>
<!-- Generated by org.testng.reporters.JUnitReportReporter -->
<testsuite skipped="0" hostname="MSI" name="com.testNGFeatures.Param_Concept" tests="1" failures="0" timestamp="2022-02-21T21:24:10 IST" time="0.002" errors="0">
  <testcase name="add" time="0.002" classname="com.testNGFeatures.Param_Concept"/>
  <system-out/>
</testsuite> <!-- com.testNGFeatures.Param_Concept -->
