<?xml version="1.0" encoding="UTF-8"?>
<!-- Generated by org.testng.reporters.JUnitReportReporter -->
<testsuite skipped="0" hostname="MSI" name="com.testNGFeatures.Parallel_Testing" tests="2" failures="0" timestamp="2022-02-22T20:02:24 IST" time="10.057" errors="0">
  <testcase name="openFacebook" time="3.898" classname="com.testNGFeatures.Parallel_Testing"/>
  <system-out/>
  <testcase name="openAdactin" time="6.159" classname="com.testNGFeatures.Parallel_Testing"/>
  <system-out/>
</testsuite> <!-- com.testNGFeatures.Parallel_Testing -->
