<?xml version="1.0" encoding="UTF-8"?>
<!-- Generated by org.testng.reporters.JUnitReportReporter -->
<testsuite skipped="0" hostname="MSI" name="com.testNGFeatures.Dependency_Concept" tests="2" failures="0" timestamp="2022-02-20T14:41:59 IST" time="0.008" errors="0">
  <testcase name="login" time="0.007" classname="com.testNGFeatures.Dependency_Concept"/>
  <system-out/>
  <testcase name="checkEmail" time="0.001" classname="com.testNGFeatures.Dependency_Concept"/>
  <system-out/>
</testsuite> <!-- com.testNGFeatures.Dependency_Concept -->
