<?xml version="1.0" encoding="UTF-8"?>
<!-- Generated by org.testng.reporters.JUnitReportReporter -->
<testsuite skipped="1" hostname="MSI" name="com.testNGFeatures.Ignore_Concept" tests="5" failures="0" timestamp="2022-02-18T20:23:34 IST" time="0.010" errors="0">
  <testcase name="frock" time="0.001" classname="com.testNGFeatures.Ignore_Concept"/>
  <system-out/>
  <testcase name="eyeliner" time="0.007" classname="com.testNGFeatures.Ignore_Concept"/>
  <system-out/>
  <testcase name="salwar" time="0.001" classname="com.testNGFeatures.Ignore_Concept"/>
  <system-out/>
  <testcase name="saree" time="0.001" classname="com.testNGFeatures.Ignore_Concept"/>
  <system-out/>
  <testcase name="lipstick" classname="com.testNGFeatures.Ignore_Concept">
    <skipped/>
  </testcase> <!-- lipstick -->
  <system-out/>
</testsuite> <!-- com.testNGFeatures.Ignore_Concept -->
