<?xml version="1.0" encoding="UTF-8"?>
<!-- Generated by org.testng.reporters.JUnitReportReporter -->
<testsuite skipped="0" hostname="MSI" name="com.testNGFeatures.SimpleAnotation" tests="4" failures="0" timestamp="2022-02-17T21:38:11 IST" time="0.010" errors="0">
  <testcase name="productMethod" time="0.000" classname="com.testNGFeatures.SimpleAnotation"/>
  <system-out/>
  <testcase name="divideMethod" time="0.003" classname="com.testNGFeatures.SimpleAnotation"/>
  <system-out/>
  <testcase name="subtractMetho" time="0.001" classname="com.testNGFeatures.SimpleAnotation"/>
  <system-out/>
  <testcase name="addMetho" time="0.006" classname="com.testNGFeatures.SimpleAnotation"/>
  <system-out/>
</testsuite> <!-- com.testNGFeatures.SimpleAnotation -->
