<?xml version="1.0" encoding="UTF-8"?>
<!-- Generated by org.testng.reporters.JUnitReportReporter -->
<testsuite skipped="0" hostname="MSI" name="com.testNGFeatures.IRetryAnalyzer_Concept" tests="2" failures="0" timestamp="2022-02-24T21:31:20 IST" time="8.369" errors="0">
  <testcase name="openAdactin" time="5.687" classname="com.testNGFeatures.IRetryAnalyzer_Concept"/>
  <system-out/>
  <testcase name="openFacebook" time="2.682" classname="com.testNGFeatures.IRetryAnalyzer_Concept"/>
  <system-out/>
</testsuite> <!-- com.testNGFeatures.IRetryAnalyzer_Concept -->
