<?xml version="1.0" encoding="UTF-8"?>
<!-- Generated by org.testng.reporters.JUnitReportReporter -->
<testsuite skipped="0" hostname="MSI" name="com.testNGFeatures.Soft_Assert_Concept" tests="1" failures="0" timestamp="2022-02-23T21:29:48 IST" time="7.780" errors="0">
  <testcase name="openAdactin" time="7.780" classname="com.testNGFeatures.Soft_Assert_Concept"/>
  <system-out/>
</testsuite> <!-- com.testNGFeatures.Soft_Assert_Concept -->
