<?xml version="1.0" encoding="UTF-8"?>
<!-- Generated by org.testng.reporters.JUnitReportReporter -->
<testsuite skipped="0" hostname="MSI" name="com.testNGFeatures.ExpectedException_Concept" tests="1" failures="0" timestamp="2022-02-20T14:54:24 IST" time="0.007" errors="0">
  <testcase name="printArray" time="0.007" classname="com.testNGFeatures.ExpectedException_Concept"/>
  <system-out/>
</testsuite> <!-- com.testNGFeatures.ExpectedException_Concept -->
